<?xml version="1.0" encoding="UTF-8"?>
<testng-results skipped="0" failed="1" total="1" passed="0">
  <reporter-output>
    <line>
      <![CDATA[<div style="display:block;margin-left:10px;"></div>]]>
    </line>
    <line>
      <![CDATA[<div style="display:block;margin-left:10px;"><div  class="pass"><span class="pass-label">P </span>Expected Notification Pop-Up present : Actual Notification Pop-Up present <a href="../img/toiPageVerification_5pbhkdhk5v8837972.png" target="_blank">[View Screenshot]</a> </div><div  class="pass"><span class="pass-label">P </span>Expected Not now button on Pop-Up present : Actual Not now button on Pop-Up present <a href="../img/toiPageVerification_12o1m72d5ncts37973.png" target="_blank">[View Screenshot]</a> </div><div  class="info"><span class="info-label">I </span>Declining popup - Not to receive notofications</div><div  class="info"><span class="info-label">I </span>No notification present</div><div  class="info"><span class="info-label">I </span>Saudi Arabia's king ousts nephew, promotes son as successor
59 mins ago</div><div  class="info"><span class="info-label">I </span>Presidential poll: Jolt to opposition unity, JD(U) to support Kovind
3 hrs ago</div><div  class="info"><span class="info-label">I </span>Just saying, stuck to a coach I hated, for 20 years: Abhinav Bindra
3 hrs ago</div><div  class="info"><span class="info-label">I </span>Travis Kalanick - Uber's disruptive driving force
45 mins ago</div><div  class="info"><span class="info-label">I </span>Darjeeling bandh: GJM offers 12-hour 'window' to schools to evacuate students
54 mins ago</div><div  class="info"><span class="info-label">I </span>Spat with Kohli: Kumble exit seen as triumph for player power
5 hrs ago</div><div  class="info"><span class="info-label">I </span>FERA cases: Sasikala appears through videoconferencing
5 mins ago</div><div  class="info"><span class="info-label">I </span>OnePlus 5: 5 reasons to buy and not buy the flagship smartphone
3 hrs ago</div><div  class="info"><span class="info-label">I </span>Honda's new most affordable scooter: 10 things to know
18 mins ago</div><div  class="info"><span class="info-label">I </span>Akshay Kumar to play PM Narendra Modi in a film?
2 hrs ago</div><div  class="info"><span class="info-label">I </span>Humour: Twitter reacts to Kumble's resignation
9 mins ago</div><div  class="info"><span class="info-label">I </span>BMC demolishes actor Arshad Warsi's Versova bungalow
1 hr ago</div><div  class="info"><span class="info-label">I </span>India most reliable partner for Afghanistan: Pentagon
4 hrs ago</div><div  class="info"><span class="info-label">I </span>Karnataka waives loan up to Rs 50,000 per farmer
2 hrs ago</div><div  class="info"><span class="info-label">I </span>International Yoga Day 2017: Complete coverage
6 hrs ago</div><div  class="info"><span class="info-label">I </span>'Need leave from work to eat chicken': Railway employee's application goes viral
53 mins ago</div><div  class="info"><span class="info-label">I </span>In pics: Yoga records across India
1 hr ago</div><div  class="info"><span class="info-label">I </span>Supreme Court refuses to grant interim bail to CS Karnan
3 hrs ago</div><div  class="info"><span class="info-label">I </span>Shocking contestants in Playboy Bunny outfits
3 hrs ago</div><div  class="info"><span class="info-label">I </span>Builders asking flat buyers to make full payment by Jul 1 illegal: Naidu
2 hrs ago</div><div  class="info"><span class="info-label">I </span>Nearly 3 lakh perform yoga at one place, set world record
3 hrs ago</div><div  class="info"><span class="info-label">I </span>News title is : Saudi Prince: Saudi Arabia's Mohammed bin Salman elevated to Crown Prince - The Times of India on Mobile</div><div  class="fail"><span class="fail-label">F </span>Expected By.xpath: //*[@name='timesofindia.topnews.text' or @id='timesofindia.topnews.text' or @value='timesofindia.topnews.text'] present : Actual By.xpath: //*[@name='timesofindia.topnews.text' or @id='timesofindia.topnews.text' or @value='timesofindia.topnews.text'] not present <a href="../img/toiPageVerification_t819trpv0zpd37974.png" target="_blank">[View Screenshot]</a> </div><div  class="info"><span class="info-label">I </span>News title is : Nitish Kumar: Setback for opposition unity, JD(U) to support Ram Nath Kovind</div><div  class="fail"><span class="fail-label">F </span>Expected By.xpath: //*[@name='timesofindia.topnews.text' or @id='timesofindia.topnews.text' or @value='timesofindia.topnews.text'] present : Actual By.xpath: //*[@name='timesofindia.topnews.text' or @id='timesofindia.topnews.text' or @value='timesofindia.topnews.text'] not present <a href="../img/toiPageVerification_1vv7859973gn537975.png" target="_blank">[View Screenshot]</a> </div></div>]]>
    </line>
    <line>
      <![CDATA[<div style="display:block;margin-left:10px;"><div  class="pass"><span class="pass-label">P </span>Expected Notification Pop-Up present : Actual Notification Pop-Up present <a href="../img/toiPageVerification_5pbhkdhk5v8837972.png" target="_blank">[View Screenshot]</a> </div><div  class="pass"><span class="pass-label">P </span>Expected Not now button on Pop-Up present : Actual Not now button on Pop-Up present <a href="../img/toiPageVerification_12o1m72d5ncts37973.png" target="_blank">[View Screenshot]</a> </div><div  class="info"><span class="info-label">I </span>Declining popup - Not to receive notofications</div><div  class="info"><span class="info-label">I </span>No notification present</div><div  class="info"><span class="info-label">I </span>Saudi Arabia's king ousts nephew, promotes son as successor
59 mins ago</div><div  class="info"><span class="info-label">I </span>Presidential poll: Jolt to opposition unity, JD(U) to support Kovind
3 hrs ago</div><div  class="info"><span class="info-label">I </span>Just saying, stuck to a coach I hated, for 20 years: Abhinav Bindra
3 hrs ago</div><div  class="info"><span class="info-label">I </span>Travis Kalanick - Uber's disruptive driving force
45 mins ago</div><div  class="info"><span class="info-label">I </span>Darjeeling bandh: GJM offers 12-hour 'window' to schools to evacuate students
54 mins ago</div><div  class="info"><span class="info-label">I </span>Spat with Kohli: Kumble exit seen as triumph for player power
5 hrs ago</div><div  class="info"><span class="info-label">I </span>FERA cases: Sasikala appears through videoconferencing
5 mins ago</div><div  class="info"><span class="info-label">I </span>OnePlus 5: 5 reasons to buy and not buy the flagship smartphone
3 hrs ago</div><div  class="info"><span class="info-label">I </span>Honda's new most affordable scooter: 10 things to know
18 mins ago</div><div  class="info"><span class="info-label">I </span>Akshay Kumar to play PM Narendra Modi in a film?
2 hrs ago</div><div  class="info"><span class="info-label">I </span>Humour: Twitter reacts to Kumble's resignation
9 mins ago</div><div  class="info"><span class="info-label">I </span>BMC demolishes actor Arshad Warsi's Versova bungalow
1 hr ago</div><div  class="info"><span class="info-label">I </span>India most reliable partner for Afghanistan: Pentagon
4 hrs ago</div><div  class="info"><span class="info-label">I </span>Karnataka waives loan up to Rs 50,000 per farmer
2 hrs ago</div><div  class="info"><span class="info-label">I </span>International Yoga Day 2017: Complete coverage
6 hrs ago</div><div  class="info"><span class="info-label">I </span>'Need leave from work to eat chicken': Railway employee's application goes viral
53 mins ago</div><div  class="info"><span class="info-label">I </span>In pics: Yoga records across India
1 hr ago</div><div  class="info"><span class="info-label">I </span>Supreme Court refuses to grant interim bail to CS Karnan
3 hrs ago</div><div  class="info"><span class="info-label">I </span>Shocking contestants in Playboy Bunny outfits
3 hrs ago</div><div  class="info"><span class="info-label">I </span>Builders asking flat buyers to make full payment by Jul 1 illegal: Naidu
2 hrs ago</div><div  class="info"><span class="info-label">I </span>Nearly 3 lakh perform yoga at one place, set world record
3 hrs ago</div><div  class="info"><span class="info-label">I </span>News title is : Saudi Prince: Saudi Arabia's Mohammed bin Salman elevated to Crown Prince - The Times of India on Mobile</div><div  class="fail"><span class="fail-label">F </span>Expected By.xpath: //*[@name='timesofindia.topnews.text' or @id='timesofindia.topnews.text' or @value='timesofindia.topnews.text'] present : Actual By.xpath: //*[@name='timesofindia.topnews.text' or @id='timesofindia.topnews.text' or @value='timesofindia.topnews.text'] not present <a href="../img/toiPageVerification_t819trpv0zpd37974.png" target="_blank">[View Screenshot]</a> </div><div  class="info"><span class="info-label">I </span>News title is : Nitish Kumar: Setback for opposition unity, JD(U) to support Ram Nath Kovind</div><div  class="fail"><span class="fail-label">F </span>Expected By.xpath: //*[@name='timesofindia.topnews.text' or @id='timesofindia.topnews.text' or @value='timesofindia.topnews.text'] present : Actual By.xpath: //*[@name='timesofindia.topnews.text' or @id='timesofindia.topnews.text' or @value='timesofindia.topnews.text'] not present <a href="../img/toiPageVerification_1vv7859973gn537975.png" target="_blank">[View Screenshot]</a> </div></div>]]>
    </line>
    <line>
      <![CDATA[<div style="display:block;margin-left:10px;"></div>]]>
    </line>
  </reporter-output>
  <suite name="QAS Demo" duration-ms="199517" started-at="2017-06-21T12:30:08Z" finished-at="2017-06-21T12:33:27Z">
    <groups>
      <group name="TOI_Regression">
        <method signature="ToiTest.toiPageVerification()[pri:0, instance:com.timesofindia.tests.ToiTest@aecb35a]" name="toiPageVerification" class="com.timesofindia.tests.ToiTest"/>
      </group> <!-- TOI_Regression -->
    </groups>
    <test name="DemoTest" duration-ms="199517" started-at="2017-06-21T12:30:08Z" finished-at="2017-06-21T12:33:27Z">
      <class name="com.timesofindia.tests.ToiTest">
        <test-method status="PASS" signature="setupSuit(org.testng.ITestContext)[pri:0, instance:com.timesofindia.tests.ToiTest@aecb35a]" name="setupSuit" is-config="true" duration-ms="24" started-at="2017-06-21T18:00:08Z" finished-at="2017-06-21T18:00:08Z">
          <params>
            <param index="0">
              <value>
                <![CDATA[org.testng.TestRunner@2805c96b]]>
              </value>
            </param>
          </params>
          <reporter-output>
          </reporter-output>
        </test-method> <!-- setupSuit -->
        <test-method status="PASS" signature="setupTest(org.testng.ITestContext)[pri:0, instance:com.timesofindia.tests.ToiTest@aecb35a]" name="setupTest" is-config="true" duration-ms="0" started-at="2017-06-21T18:00:08Z" finished-at="2017-06-21T18:00:08Z">
          <params>
            <param index="0">
              <value>
                <![CDATA[org.testng.TestRunner@2805c96b]]>
              </value>
            </param>
          </params>
          <reporter-output>
          </reporter-output>
        </test-method> <!-- setupTest -->
        <test-method status="PASS" signature="setup(org.testng.ITestContext)[pri:0, instance:com.timesofindia.tests.ToiTest@aecb35a]" name="setup" is-config="true" duration-ms="4" started-at="2017-06-21T18:00:08Z" finished-at="2017-06-21T18:00:08Z">
          <params>
            <param index="0">
              <value>
                <![CDATA[org.testng.TestRunner@2805c96b]]>
              </value>
            </param>
          </params>
          <reporter-output>
          </reporter-output>
        </test-method> <!-- setup -->
        <test-method status="PASS" signature="setupMethod(java.lang.reflect.Method, org.testng.ITestContext)[pri:0, instance:com.timesofindia.tests.ToiTest@aecb35a]" name="setupMethod" is-config="true" duration-ms="0" started-at="2017-06-21T18:00:08Z" finished-at="2017-06-21T18:00:08Z">
          <params>
            <param index="0">
              <value>
                <![CDATA[public void com.timesofindia.tests.ToiTest.toiPageVerification()]]>
              </value>
            </param>
            <param index="1">
              <value>
                <![CDATA[org.testng.TestRunner@2805c96b]]>
              </value>
            </param>
          </params>
          <reporter-output>
          </reporter-output>
        </test-method> <!-- setupMethod -->
        <test-method status="PASS" signature="beforeMethod()[pri:0, instance:com.timesofindia.tests.ToiTest@aecb35a]" name="beforeMethod" is-config="true" duration-ms="84246" started-at="2017-06-21T18:00:08Z" finished-at="2017-06-21T18:01:32Z">
          <reporter-output>
            <line>
              <![CDATA[<div style="display:block;margin-left:10px;"></div>]]>
            </line>
          </reporter-output>
        </test-method> <!-- beforeMethod -->
        <test-method status="FAIL" signature="toiPageVerification()[pri:0, instance:com.timesofindia.tests.ToiTest@aecb35a]" name="toiPageVerification" duration-ms="113656" started-at="2017-06-21T18:01:32Z" description="Times Of India Page verification" finished-at="2017-06-21T18:03:26Z">
          <exception class="org.openqa.selenium.WebDriverException">
            <message>
              <![CDATA[unknown error: Element <li>...</li> is not clickable at point (187, 621). Other element would receive the click: <iframe id="google_ads_iframe_/7176/TOI_MWeb/TOI_MWeb_Home/TOI_MWeb_HP_PT_FBN_0" title="3rd party ad content" name="google_ads_iframe_/7176/TOI_MWeb/TOI_MWeb_Home/TOI_MWeb_HP_PT_FBN_0" width="728" height="90" scrolling="no" marginwidth="0" marginheight="0" frameborder="0" style="border: 0px; vertical-align: bottom;"></iframe>
  (Session info: chrome=58.0.3029.110)
  (Driver info: chromedriver=2.29.461591 (62ebf098771772160f391d75e589dc567915b233),platform=Windows NT 6.3.9600 x86_64) (WARNING: The server did not provide any stacktrace information)
Command duration or timeout: 128 milliseconds
Build info: version: '2.53.0', revision: '35ae25b1534ae328c771e0856c93e187490ca824', time: '2016-03-15 10:43:46'
System info: host: 'icpl12186', ip: '192.168.56.1', os.name: 'Windows 8.1', os.arch: 'amd64', os.version: '6.3', java.version: '1.8.0_111'
Driver info: com.qmetry.qaf.automation.ui.webdriver.QAFExtendedWebDriver
Capabilities [{applicationCacheEnabled=false, rotatable=false, mobileEmulationEnabled=true, networkConnectionEnabled=false, chrome={chromedriverVersion=2.29.461591 (62ebf098771772160f391d75e589dc567915b233), userDataDir=C:\Users\TAPAS~1.PAD\AppData\Local\Temp\scoped_dir5036_29970}, takesHeapSnapshot=true, pageLoadStrategy=normal, databaseEnabled=false, handlesAlerts=true, hasTouchScreen=true, version=58.0.3029.110, platform=WIN8_1, browserConnectionEnabled=false, nativeEvents=true, acceptSslCerts=true, locationContextEnabled=true, webStorageEnabled=true, browserName=chrome, takesScreenshot=true, javascriptEnabled=true, cssSelectorsEnabled=true, unexpectedAlertBehaviour=}]
Session ID: 5433ea5ac80e27019c17d643c82b8e5a]]>
            </message>
            <full-stacktrace>
              <![CDATA[org.openqa.selenium.WebDriverException: unknown error: Element <li>...</li> is not clickable at point (187, 621). Other element would receive the click: <iframe id="google_ads_iframe_/7176/TOI_MWeb/TOI_MWeb_Home/TOI_MWeb_HP_PT_FBN_0" title="3rd party ad content" name="google_ads_iframe_/7176/TOI_MWeb/TOI_MWeb_Home/TOI_MWeb_HP_PT_FBN_0" width="728" height="90" scrolling="no" marginwidth="0" marginheight="0" frameborder="0" style="border: 0px; vertical-align: bottom;"></iframe>
  (Session info: chrome=58.0.3029.110)
  (Driver info: chromedriver=2.29.461591 (62ebf098771772160f391d75e589dc567915b233),platform=Windows NT 6.3.9600 x86_64) (WARNING: The server did not provide any stacktrace information)
Command duration or timeout: 128 milliseconds
Build info: version: '2.53.0', revision: '35ae25b1534ae328c771e0856c93e187490ca824', time: '2016-03-15 10:43:46'
System info: host: 'icpl12186', ip: '192.168.56.1', os.name: 'Windows 8.1', os.arch: 'amd64', os.version: '6.3', java.version: '1.8.0_111'
Driver info: com.qmetry.qaf.automation.ui.webdriver.QAFExtendedWebDriver
Capabilities [{applicationCacheEnabled=false, rotatable=false, mobileEmulationEnabled=true, networkConnectionEnabled=false, chrome={chromedriverVersion=2.29.461591 (62ebf098771772160f391d75e589dc567915b233), userDataDir=C:\Users\TAPAS~1.PAD\AppData\Local\Temp\scoped_dir5036_29970}, takesHeapSnapshot=true, pageLoadStrategy=normal, databaseEnabled=false, handlesAlerts=true, hasTouchScreen=true, version=58.0.3029.110, platform=WIN8_1, browserConnectionEnabled=false, nativeEvents=true, acceptSslCerts=true, locationContextEnabled=true, webStorageEnabled=true, browserName=chrome, takesScreenshot=true, javascriptEnabled=true, cssSelectorsEnabled=true, unexpectedAlertBehaviour=}]
Session ID: 5433ea5ac80e27019c17d643c82b8e5a
	at sun.reflect.NativeConstructorAccessorImpl.newInstance0(Native Method)
	at sun.reflect.NativeConstructorAccessorImpl.newInstance(NativeConstructorAccessorImpl.java:62)
	at sun.reflect.DelegatingConstructorAccessorImpl.newInstance(DelegatingConstructorAccessorImpl.java:45)
	at java.lang.reflect.Constructor.newInstance(Constructor.java:423)
	at org.openqa.selenium.remote.ErrorHandler.createThrowable(ErrorHandler.java:206)
	at org.openqa.selenium.remote.ErrorHandler.throwIfResponseFailed(ErrorHandler.java:158)
	at org.openqa.selenium.remote.RemoteWebDriver.execute(RemoteWebDriver.java:678)
	at com.qmetry.qaf.automation.ui.webdriver.QAFExtendedWebDriver.executeWitoutLog(QAFExtendedWebDriver.java:256)
	at com.qmetry.qaf.automation.ui.webdriver.QAFExtendedWebElement.execute(QAFExtendedWebElement.java:252)
	at org.openqa.selenium.remote.RemoteWebElement.click(RemoteWebElement.java:85)
	at com.timesofindia.defs.DetailsNewsDefs.verifyNewsTitle(DetailsNewsDefs.java:21)
	at com.timesofindia.tests.ToiTest.toiPageVerification(ToiTest.java:45)
	at sun.reflect.NativeMethodAccessorImpl.invoke0(Native Method)
	at sun.reflect.NativeMethodAccessorImpl.invoke(NativeMethodAccessorImpl.java:62)
	at sun.reflect.DelegatingMethodAccessorImpl.invoke(DelegatingMethodAccessorImpl.java:43)
	at java.lang.reflect.Method.invoke(Method.java:498)
	at org.testng.internal.MethodInvocationHelper.invokeMethod(MethodInvocationHelper.java:86)
	at org.testng.internal.Invoker.invokeMethod(Invoker.java:643)
	at org.testng.internal.Invoker.invokeTestMethod(Invoker.java:820)
	at org.testng.internal.Invoker.invokeTestMethods(Invoker.java:1128)
	at org.testng.internal.TestMethodWorker.invokeTestMethods(TestMethodWorker.java:129)
	at org.testng.internal.TestMethodWorker.run(TestMethodWorker.java:112)
	at org.testng.TestRunner.privateRun(TestRunner.java:805)
	at org.testng.TestRunner.run(TestRunner.java:655)
	at org.testng.SuiteRunner.runTest(SuiteRunner.java:366)
	at org.testng.SuiteRunner.runSequentially(SuiteRunner.java:361)
	at org.testng.SuiteRunner.privateRun(SuiteRunner.java:319)
	at org.testng.SuiteRunner.run(SuiteRunner.java:268)
	at org.testng.SuiteRunnerWorker.runSuite(SuiteRunnerWorker.java:52)
	at org.testng.SuiteRunnerWorker.run(SuiteRunnerWorker.java:86)
	at org.testng.TestNG.runSuitesSequentially(TestNG.java:1244)
	at org.testng.TestNG.runSuitesLocally(TestNG.java:1169)
	at org.testng.TestNG.run(TestNG.java:1064)
	at org.testng.remote.AbstractRemoteTestNG.run(AbstractRemoteTestNG.java:132)
	at org.testng.remote.RemoteTestNG.initAndRun(RemoteTestNG.java:230)
	at org.testng.remote.RemoteTestNG.main(RemoteTestNG.java:76)
]]>
            </full-stacktrace>
          </exception> <!-- org.openqa.selenium.WebDriverException -->
          <reporter-output>
            <line>
              <![CDATA[<div style="display:block;margin-left:10px;"><div  class="pass"><span class="pass-label">P </span>Expected Notification Pop-Up present : Actual Notification Pop-Up present <a href="../img/toiPageVerification_5pbhkdhk5v8837972.png" target="_blank">[View Screenshot]</a> </div><div  class="pass"><span class="pass-label">P </span>Expected Not now button on Pop-Up present : Actual Not now button on Pop-Up present <a href="../img/toiPageVerification_12o1m72d5ncts37973.png" target="_blank">[View Screenshot]</a> </div><div  class="info"><span class="info-label">I </span>Declining popup - Not to receive notofications</div><div  class="info"><span class="info-label">I </span>No notification present</div><div  class="info"><span class="info-label">I </span>Saudi Arabia's king ousts nephew, promotes son as successor
59 mins ago</div><div  class="info"><span class="info-label">I </span>Presidential poll: Jolt to opposition unity, JD(U) to support Kovind
3 hrs ago</div><div  class="info"><span class="info-label">I </span>Just saying, stuck to a coach I hated, for 20 years: Abhinav Bindra
3 hrs ago</div><div  class="info"><span class="info-label">I </span>Travis Kalanick - Uber's disruptive driving force
45 mins ago</div><div  class="info"><span class="info-label">I </span>Darjeeling bandh: GJM offers 12-hour 'window' to schools to evacuate students
54 mins ago</div><div  class="info"><span class="info-label">I </span>Spat with Kohli: Kumble exit seen as triumph for player power
5 hrs ago</div><div  class="info"><span class="info-label">I </span>FERA cases: Sasikala appears through videoconferencing
5 mins ago</div><div  class="info"><span class="info-label">I </span>OnePlus 5: 5 reasons to buy and not buy the flagship smartphone
3 hrs ago</div><div  class="info"><span class="info-label">I </span>Honda's new most affordable scooter: 10 things to know
18 mins ago</div><div  class="info"><span class="info-label">I </span>Akshay Kumar to play PM Narendra Modi in a film?
2 hrs ago</div><div  class="info"><span class="info-label">I </span>Humour: Twitter reacts to Kumble's resignation
9 mins ago</div><div  class="info"><span class="info-label">I </span>BMC demolishes actor Arshad Warsi's Versova bungalow
1 hr ago</div><div  class="info"><span class="info-label">I </span>India most reliable partner for Afghanistan: Pentagon
4 hrs ago</div><div  class="info"><span class="info-label">I </span>Karnataka waives loan up to Rs 50,000 per farmer
2 hrs ago</div><div  class="info"><span class="info-label">I </span>International Yoga Day 2017: Complete coverage
6 hrs ago</div><div  class="info"><span class="info-label">I </span>'Need leave from work to eat chicken': Railway employee's application goes viral
53 mins ago</div><div  class="info"><span class="info-label">I </span>In pics: Yoga records across India
1 hr ago</div><div  class="info"><span class="info-label">I </span>Supreme Court refuses to grant interim bail to CS Karnan
3 hrs ago</div><div  class="info"><span class="info-label">I </span>Shocking contestants in Playboy Bunny outfits
3 hrs ago</div><div  class="info"><span class="info-label">I </span>Builders asking flat buyers to make full payment by Jul 1 illegal: Naidu
2 hrs ago</div><div  class="info"><span class="info-label">I </span>Nearly 3 lakh perform yoga at one place, set world record
3 hrs ago</div><div  class="info"><span class="info-label">I </span>News title is : Saudi Prince: Saudi Arabia's Mohammed bin Salman elevated to Crown Prince - The Times of India on Mobile</div><div  class="fail"><span class="fail-label">F </span>Expected By.xpath: //*[@name='timesofindia.topnews.text' or @id='timesofindia.topnews.text' or @value='timesofindia.topnews.text'] present : Actual By.xpath: //*[@name='timesofindia.topnews.text' or @id='timesofindia.topnews.text' or @value='timesofindia.topnews.text'] not present <a href="../img/toiPageVerification_t819trpv0zpd37974.png" target="_blank">[View Screenshot]</a> </div><div  class="info"><span class="info-label">I </span>News title is : Nitish Kumar: Setback for opposition unity, JD(U) to support Ram Nath Kovind</div><div  class="fail"><span class="fail-label">F </span>Expected By.xpath: //*[@name='timesofindia.topnews.text' or @id='timesofindia.topnews.text' or @value='timesofindia.topnews.text'] present : Actual By.xpath: //*[@name='timesofindia.topnews.text' or @id='timesofindia.topnews.text' or @value='timesofindia.topnews.text'] not present <a href="../img/toiPageVerification_1vv7859973gn537975.png" target="_blank">[View Screenshot]</a> </div></div>]]>
            </line>
            <line>
              <![CDATA[<div style="display:block;margin-left:10px;"><div  class="pass"><span class="pass-label">P </span>Expected Notification Pop-Up present : Actual Notification Pop-Up present <a href="../img/toiPageVerification_5pbhkdhk5v8837972.png" target="_blank">[View Screenshot]</a> </div><div  class="pass"><span class="pass-label">P </span>Expected Not now button on Pop-Up present : Actual Not now button on Pop-Up present <a href="../img/toiPageVerification_12o1m72d5ncts37973.png" target="_blank">[View Screenshot]</a> </div><div  class="info"><span class="info-label">I </span>Declining popup - Not to receive notofications</div><div  class="info"><span class="info-label">I </span>No notification present</div><div  class="info"><span class="info-label">I </span>Saudi Arabia's king ousts nephew, promotes son as successor
59 mins ago</div><div  class="info"><span class="info-label">I </span>Presidential poll: Jolt to opposition unity, JD(U) to support Kovind
3 hrs ago</div><div  class="info"><span class="info-label">I </span>Just saying, stuck to a coach I hated, for 20 years: Abhinav Bindra
3 hrs ago</div><div  class="info"><span class="info-label">I </span>Travis Kalanick - Uber's disruptive driving force
45 mins ago</div><div  class="info"><span class="info-label">I </span>Darjeeling bandh: GJM offers 12-hour 'window' to schools to evacuate students
54 mins ago</div><div  class="info"><span class="info-label">I </span>Spat with Kohli: Kumble exit seen as triumph for player power
5 hrs ago</div><div  class="info"><span class="info-label">I </span>FERA cases: Sasikala appears through videoconferencing
5 mins ago</div><div  class="info"><span class="info-label">I </span>OnePlus 5: 5 reasons to buy and not buy the flagship smartphone
3 hrs ago</div><div  class="info"><span class="info-label">I </span>Honda's new most affordable scooter: 10 things to know
18 mins ago</div><div  class="info"><span class="info-label">I </span>Akshay Kumar to play PM Narendra Modi in a film?
2 hrs ago</div><div  class="info"><span class="info-label">I </span>Humour: Twitter reacts to Kumble's resignation
9 mins ago</div><div  class="info"><span class="info-label">I </span>BMC demolishes actor Arshad Warsi's Versova bungalow
1 hr ago</div><div  class="info"><span class="info-label">I </span>India most reliable partner for Afghanistan: Pentagon
4 hrs ago</div><div  class="info"><span class="info-label">I </span>Karnataka waives loan up to Rs 50,000 per farmer
2 hrs ago</div><div  class="info"><span class="info-label">I </span>International Yoga Day 2017: Complete coverage
6 hrs ago</div><div  class="info"><span class="info-label">I </span>'Need leave from work to eat chicken': Railway employee's application goes viral
53 mins ago</div><div  class="info"><span class="info-label">I </span>In pics: Yoga records across India
1 hr ago</div><div  class="info"><span class="info-label">I </span>Supreme Court refuses to grant interim bail to CS Karnan
3 hrs ago</div><div  class="info"><span class="info-label">I </span>Shocking contestants in Playboy Bunny outfits
3 hrs ago</div><div  class="info"><span class="info-label">I </span>Builders asking flat buyers to make full payment by Jul 1 illegal: Naidu
2 hrs ago</div><div  class="info"><span class="info-label">I </span>Nearly 3 lakh perform yoga at one place, set world record
3 hrs ago</div><div  class="info"><span class="info-label">I </span>News title is : Saudi Prince: Saudi Arabia's Mohammed bin Salman elevated to Crown Prince - The Times of India on Mobile</div><div  class="fail"><span class="fail-label">F </span>Expected By.xpath: //*[@name='timesofindia.topnews.text' or @id='timesofindia.topnews.text' or @value='timesofindia.topnews.text'] present : Actual By.xpath: //*[@name='timesofindia.topnews.text' or @id='timesofindia.topnews.text' or @value='timesofindia.topnews.text'] not present <a href="../img/toiPageVerification_t819trpv0zpd37974.png" target="_blank">[View Screenshot]</a> </div><div  class="info"><span class="info-label">I </span>News title is : Nitish Kumar: Setback for opposition unity, JD(U) to support Ram Nath Kovind</div><div  class="fail"><span class="fail-label">F </span>Expected By.xpath: //*[@name='timesofindia.topnews.text' or @id='timesofindia.topnews.text' or @value='timesofindia.topnews.text'] present : Actual By.xpath: //*[@name='timesofindia.topnews.text' or @id='timesofindia.topnews.text' or @value='timesofindia.topnews.text'] not present <a href="../img/toiPageVerification_1vv7859973gn537975.png" target="_blank">[View Screenshot]</a> </div></div>]]>
            </line>
          </reporter-output>
        </test-method> <!-- toiPageVerification -->
        <test-method status="PASS" signature="afterMethod()[pri:0, instance:com.timesofindia.tests.ToiTest@aecb35a]" name="afterMethod" is-config="true" duration-ms="1008" started-at="2017-06-21T18:03:26Z" finished-at="2017-06-21T18:03:27Z">
          <reporter-output>
            <line>
              <![CDATA[<div style="display:block;margin-left:10px;"></div>]]>
            </line>
          </reporter-output>
        </test-method> <!-- afterMethod -->
        <test-method status="PASS" signature="afterTest(org.testng.ITestContext)[pri:0, instance:com.timesofindia.tests.ToiTest@aecb35a]" name="afterTest" is-config="true" duration-ms="4" started-at="2017-06-21T18:03:27Z" finished-at="2017-06-21T18:03:27Z">
          <params>
            <param index="0">
              <value>
                <![CDATA[org.testng.TestRunner@2805c96b]]>
              </value>
            </param>
          </params>
          <reporter-output>
          </reporter-output>
        </test-method> <!-- afterTest -->
        <test-method status="PASS" signature="afterClass(org.testng.ITestContext)[pri:0, instance:com.timesofindia.tests.ToiTest@aecb35a]" name="afterClass" is-config="true" duration-ms="0" started-at="2017-06-21T18:03:27Z" finished-at="2017-06-21T18:03:27Z">
          <params>
            <param index="0">
              <value>
                <![CDATA[org.testng.TestRunner@2805c96b]]>
              </value>
            </param>
          </params>
          <reporter-output>
          </reporter-output>
        </test-method> <!-- afterClass -->
        <test-method status="PASS" signature="afterMethod(org.testng.ITestContext, org.testng.ITestResult)[pri:0, instance:com.timesofindia.tests.ToiTest@aecb35a]" name="afterMethod" is-config="true" duration-ms="0" started-at="2017-06-21T18:03:27Z" finished-at="2017-06-21T18:03:27Z">
          <params>
            <param index="0">
              <value>
                <![CDATA[org.testng.TestRunner@2805c96b]]>
              </value>
            </param>
            <param index="1">
              <value>
                <![CDATA[[TestResult name=toiPageVerification status=FAILURE method=ToiTest.toiPageVerification()[pri:0, instance:com.timesofindia.tests.ToiTest@aecb35a] output=<div style="display:block;margin-left:10px;"><div  class="pass"><span class="pass-label">P </span>Expected Notification Pop-Up present : Actual Notification Pop-Up present <a href="../img/toiPageVerification_5pbhkdhk5v8837972.png" target="_blank">[View Screenshot]</a> </div><div  class="pass"><span class="pass-label">P </span>Expected Not now button on Pop-Up present : Actual Not now button on Pop-Up present <a href="../img/toiPageVerification_12o1m72d5ncts37973.png" target="_blank">[View Screenshot]</a> </div><div  class="info"><span class="info-label">I </span>Declining popup - Not to receive notofications</div><div  class="info"><span class="info-label">I </span>No notification present</div><div  class="info"><span class="info-label">I </span>Saudi Arabia's king ousts nephew, promotes son as successor
59 mins ago</div><div  class="info"><span class="info-label">I </span>Presidential poll: Jolt to opposition unity, JD(U) to support Kovind
3 hrs ago</div><div  class="info"><span class="info-label">I </span>Just saying, stuck to a coach I hated, for 20 years: Abhinav Bindra
3 hrs ago</div><div  class="info"><span class="info-label">I </span>Travis Kalanick - Uber's disruptive driving force
45 mins ago</div><div  class="info"><span class="info-label">I </span>Darjeeling bandh: GJM offers 12-hour 'window' to schools to evacuate students
54 mins ago</div><div  class="info"><span class="info-label">I </span>Spat with Kohli: Kumble exit seen as triumph for player power
5 hrs ago</div><div  class="info"><span class="info-label">I </span>FERA cases: Sasikala appears through videoconferencing
5 mins ago</div><div  class="info"><span class="info-label">I </span>OnePlus 5: 5 reasons to buy and not buy the flagship smartphone
3 hrs ago</div><div  class="info"><span class="info-label">I </span>Honda's new most affordable scooter: 10 things to know
18 mins ago</div><div  class="info"><span class="info-label">I </span>Akshay Kumar to play PM Narendra Modi in a film?
2 hrs ago</div><div  class="info"><span class="info-label">I </span>Humour: Twitter reacts to Kumble's resignation
9 mins ago</div><div  class="info"><span class="info-label">I </span>BMC demolishes actor Arshad Warsi's Versova bungalow
1 hr ago</div><div  class="info"><span class="info-label">I </span>India most reliable partner for Afghanistan: Pentagon
4 hrs ago</div><div  class="info"><span class="info-label">I </span>Karnataka waives loan up to Rs 50,000 per farmer
2 hrs ago</div><div  class="info"><span class="info-label">I </span>International Yoga Day 2017: Complete coverage
6 hrs ago</div><div  class="info"><span class="info-label">I </span>'Need leave from work to eat chicken': Railway employee's application goes viral
53 mins ago</div><div  class="info"><span class="info-label">I </span>In pics: Yoga records across India
1 hr ago</div><div  class="info"><span class="info-label">I </span>Supreme Court refuses to grant interim bail to CS Karnan
3 hrs ago</div><div  class="info"><span class="info-label">I </span>Shocking contestants in Playboy Bunny outfits
3 hrs ago</div><div  class="info"><span class="info-label">I </span>Builders asking flat buyers to make full payment by Jul 1 illegal: Naidu
2 hrs ago</div><div  class="info"><span class="info-label">I </span>Nearly 3 lakh perform yoga at one place, set world record
3 hrs ago</div><div  class="info"><span class="info-label">I </span>News title is : Saudi Prince: Saudi Arabia's Mohammed bin Salman elevated to Crown Prince - The Times of India on Mobile</div><div  class="fail"><span class="fail-label">F </span>Expected By.xpath: //*[@name='timesofindia.topnews.text' or @id='timesofindia.topnews.text' or @value='timesofindia.topnews.text'] present : Actual By.xpath: //*[@name='timesofindia.topnews.text' or @id='timesofindia.topnews.text' or @value='timesofindia.topnews.text'] not present <a href="../img/toiPageVerification_t819trpv0zpd37974.png" target="_blank">[View Screenshot]</a> </div><div  class="info"><span class="info-label">I </span>News title is : Nitish Kumar: Setback for opposition unity, JD(U) to support Ram Nath Kovind</div><div  class="fail"><span class="fail-label">F </span>Expected By.xpath: //*[@name='timesofindia.topnews.text' or @id='timesofindia.topnews.text' or @value='timesofindia.topnews.text'] present : Actual By.xpath: //*[@name='timesofindia.topnews.text' or @id='timesofindia.topnews.text' or @value='timesofindia.topnews.text'] not present <a href="../img/toiPageVerification_1vv7859973gn537975.png" target="_blank">[View Screenshot]</a> </div></div>]]]>
              </value>
            </param>
          </params>
          <reporter-output>
          </reporter-output>
        </test-method> <!-- afterMethod -->
        <test-method status="PASS" signature="afterSuit(org.testng.ITestContext)[pri:0, instance:com.timesofindia.tests.ToiTest@aecb35a]" name="afterSuit" is-config="true" duration-ms="0" started-at="2017-06-21T18:03:27Z" finished-at="2017-06-21T18:03:27Z">
          <params>
            <param index="0">
              <value>
                <![CDATA[org.testng.TestRunner@2805c96b]]>
              </value>
            </param>
          </params>
          <reporter-output>
          </reporter-output>
        </test-method> <!-- afterSuit -->
      </class> <!-- com.timesofindia.tests.ToiTest -->
    </test> <!-- DemoTest -->
  </suite> <!-- QAS Demo -->
</testng-results>
